[20:26:51] [Render thread/INFO] [JMLogger] JourneyMap log initialized.
[20:26:51] [Render thread/INFO] [JourneymapClient] initialize ENTER
[20:26:51] [Render thread/INFO] [ClientAPI] [ClientAPI] built with JourneyMap API 1.9-SNAPSHOT
[20:26:51] [Render thread/INFO] [PluginHelper] Initializing plugins with Client API: journeymap.client.api.impl.ClientAPI
[20:26:51] [Render thread/INFO] [PluginHelper] Initialized IClientPlugin: frankv.jmi.JMIJourneyMapPlugin
[20:26:51] [Render thread/DEBUG] [JourneymapClient] Loading and Generating Journeymap configs
[20:26:51] [Render thread/WARN] [PropertiesBase] core (Initialized) Bad configField entry during updateFrom(): optionsManagerViewed=null
[20:26:51] [Render thread/INFO] [?] Version: JourneyMap 1.18.2-5.9.5, built with forge 1.18.2-40.1.86
forge: 40.2.0
Environment: os.name, os.arch, java.version, user.country, user.language=null, game language=en_us, locale=en_us
Features: 
	RadarPlayers : singleplayer = true , multiplayer = true
	RadarAnimals : singleplayer = true , multiplayer = true
	RadarMobs : singleplayer = true , multiplayer = true
	RadarVillagers : singleplayer = true , multiplayer = true
	MapTopo : singleplayer = true , multiplayer = true
	MapSurface : singleplayer = true , multiplayer = true
	MapCaves : singleplayer = true , multiplayer = true
	MapBiome : singleplayer = true , multiplayer = true
MiniMapProperties{state=Valid, file=journeymap.minimap.config, configVersion=5.9.5, zoomLevel=0, compassFontScale=1.0, terrainAlpha=100, showEntityNames=true, positionX=0.9, positionY=0.25, effectVertical=false, showPlayerHeading=true, sizePercent=30, playerDisplayScale=1.0, showDayNight=true, showPets=true, preferredMapType=day, showCompass=true, mobDisplay=jm.common.entity_display.dots, systemTimeRealFormat=HH:mm:ss, shape=jm.minimap.shape_circle, showSelf=true, selfDisplayScale=1.0, showGrid=true, reticleOrientation=jm.minimap.orientation.compass, gameTimeRealFormat=HH:mm:ss, effectTranslateX=-592, showWaypoints=true, minimapKeyMovementSpeed=0.001, showAnimals=true, infoSlotAlpha=0.7, effectTranslateY=0, showWaypointLabels=true, moveEffectIcons=true, position=jm.minimap.position_topright, fontScale=1.0, showPlayers=true, waypointIconScale=1.0, frameAlpha=100, effectReversed=false, backgroundAlpha=0.8, enabled=true, showVillagers=true, info2Label=jm.theme.labelsource.gametime, info3Label=jm.theme.labelsource.location, showMobs=true, waypointLabelScale=1.0, showReticle=true, orientation=jm.minimap.orientation.north, info4Label=jm.theme.labelsource.biome, locationFormat=xzyv, playerDisplay=jm.common.entity_display.dots, mobDisplayScale=1.0, showCaves=true, showMobHeading=true, locationFormatVerbose=true, info1Label=jm.theme.labelsource.blank}
MiniMapProperties{state=Valid, file=journeymap.minimap2.config, configVersion=5.9.5, zoomLevel=0, compassFontScale=1.0, terrainAlpha=100, showEntityNames=true, positionX=0.9, positionY=0.25, effectVertical=false, showPlayerHeading=true, sizePercent=30, playerDisplayScale=1.0, showDayNight=true, showPets=true, preferredMapType=day, showCompass=true, mobDisplay=jm.common.entity_display.dots, systemTimeRealFormat=HH:mm:ss, shape=jm.minimap.shape_rectangle, showSelf=true, selfDisplayScale=1.0, showGrid=true, reticleOrientation=jm.minimap.orientation.compass, gameTimeRealFormat=HH:mm:ss, effectTranslateX=0, showWaypoints=true, minimapKeyMovementSpeed=0.001, showAnimals=true, infoSlotAlpha=0.7, effectTranslateY=0, showWaypointLabels=true, moveEffectIcons=true, position=jm.minimap.position_topright, fontScale=1.0, showPlayers=true, waypointIconScale=1.0, frameAlpha=100, effectReversed=false, backgroundAlpha=0.8, enabled=true, showVillagers=true, info2Label=jm.theme.labelsource.gametime, info3Label=jm.theme.labelsource.location, showMobs=true, waypointLabelScale=1.0, showReticle=true, orientation=jm.minimap.orientation.north, info4Label=jm.theme.labelsource.biome, locationFormat=xzyv, playerDisplay=jm.common.entity_display.dots, mobDisplayScale=1.0, showCaves=true, showMobHeading=true, locationFormatVerbose=true, info1Label=jm.theme.labelsource.blank}
FullMapProperties{state=Valid, file=journeymap.fullmap.config, configVersion=5.9.5, zoomLevel=0, showPlayers=true, waypointIconScale=1.0, showEntityNames=true, showPlayerHeading=true, showVillagers=true, showPlayerLoc=true, showKeys=true, playerDisplayScale=1.0, showMobs=true, showPets=true, waypointLabelScale=1.0, preferredMapType=day, mobDisplay=jm.common.entity_display.dots, showSelf=true, locationFormat=xzyv, playerDisplay=jm.common.entity_display.dots, mobDisplayScale=1.0, selfDisplayScale=1.0, showGrid=true, showMouseLoc=true, showWaypoints=true, showCaves=true, showAnimals=true, dragScale=1, showMobHeading=true, showWaypointLabels=true, locationFormatVerbose=true, fontScale=1.0}
WaypointProperties{state=Valid, file=journeymap.waypoint.config, configVersion=5.9.5, autoRemoveDeathpointDistance=2, dateFormat=MM-dd-yyyy, autoRemoveDeathpoints=false, fullscreenDoubleClickToCreate=true, managerDimensionFocus=false, minDistance=4, boldLabel=false, textureSmall=true, showDeathpointlabel=true, beaconEnabled=true, createDeathpoints=true, showName=true, disableStrikeThrough=false, maxDistance=0, autoHideLabel=true, autoRemoveTempWaypoints=2, teleportCommand=/tp {name} {x} {y} {z}, showStaticBeam=true, shaderBeacon=false, timeFormat=HH:mm:ss, showDeviationLabel=false, showDistance=true, showRotatingBeam=true, fontScale=2.0, showTexture=true, managerEnabled=true}
WebMapProperties{state=Valid, file=journeymap.webmap.config, configVersion=5.9.5, port=8080, enabled=false}
CoreProperties{state=Valid, file=journeymap.core.config, configVersion=5.9.5, verboseColorPalette=false, maxPlayersData=32, mapSurfaceAboveCaves=true, dataCachingEnabled=true, optionsManagerViewed=null, announceMod=true, colorPassive=#bbbbbb, mapBlendWater=false, renderDistanceSurfaceMax=0, seedId=false, radarVerticalDistance=16, mapBlendGrass=true, recordCacheStats=false, hideSneakingEntities=true, revealShape=jm.minimap.shape_circle, mapBiome=true, alwaysMapSurface=false, colorVillager=#88e188, mapPlants=false, colorPet=#0077ff, radarLateralDistance=64, mapBathymetry=false, mapCrops=true, maxMobsData=32, mapPlantShadows=false, alwaysMapCaves=false, checkUpdates=true, mapBlendFoliage=true, hideSpectators=false, mappingEnabled=true, colorPlayer=#ffffff, tileHighDisplayQuality=true, cacheVillagersData=2200, logLevel=INFO, maxVillagersData=32, mapWaterBiomeColors=false, maxAnimalsData=32, mapTransparency=true, caveBlackAsClear=false, tileRenderType=1, caveIgnoreGlass=true, mapTopography=true, renderDistanceCaveMax=0, mapAntialiasing=true, colorSelf=#0000ff, cachePlayersData=2000, cacheMobsData=3000, cachePlayerData=1000, splashViewed=5.9.5, colorHostile=#ff0000, cacheAnimalsData=3100, themeName=OceanMonument, mapCaveLighting=true, renderDelay=2, glErrorChecking=false, autoMapPoll=2000}
[20:26:51] [Render thread/DEBUG] [ForgeEventHandlerManager] Handler registered: journeymap.client.event.forge.ForgeKeyEvents
[20:26:51] [Render thread/DEBUG] [ForgeEventHandlerManager] Handler registered: journeymap.client.event.forge.ForgeChatEvents
[20:26:51] [Render thread/DEBUG] [ForgeEventHandlerManager] Handler registered: journeymap.client.event.forge.ForgeHudOverlayEvents
[20:26:51] [Render thread/DEBUG] [ForgeEventHandlerManager] Handler registered: journeymap.client.event.forge.ForgeWorldEvent
[20:26:51] [Render thread/DEBUG] [ForgeEventHandlerManager] Handler registered: journeymap.client.event.forge.ForgeChunkEvents
[20:26:51] [Render thread/DEBUG] [ForgeEventHandlerManager] Handler registered: journeymap.client.event.forge.ForgeClientTickEvent
[20:26:51] [Render thread/DEBUG] [ForgeEventHandlerManager] Handler registered: journeymap.client.event.forge.ForgeRenderLevelLastEvent
[20:26:51] [Render thread/DEBUG] [ForgeEventHandlerManager] Handler registered: journeymap.client.event.forge.ForgeLoggedInEvent
[20:26:51] [Render thread/DEBUG] [ForgeEventHandlerManager] Handler registered: journeymap.client.event.forge.ForgeTextureStitchedEvent
[20:26:51] [Render thread/DEBUG] [ForgeEventHandlerManager] Handler registered: journeymap.client.event.forge.ForgePopupCustomEvents
[20:26:51] [Render thread/INFO] [JourneymapClient] initialize EXIT, elapsed count 1 avg 439.96ms
[20:27:35] [Render thread/INFO] [JourneymapClient] Journeymap PostInit
[20:27:35] [Render thread/DEBUG] [JourneymapClient] postInitialize ENTER
[20:27:35] [Render thread/TRACE] [ThemeLoader] Initializing themes ...
[20:27:35] [Render thread/ERROR] [FileHandler] Couldn't locate icons for flat: C:\Users\Kamil%20Kusiak\AppData\Roaming\Crystal-Launcher\instances\u.Amongas\.minecraft\mods\journeymap-1.18.2-5.9.5-forge.jar\assets\journeymap\theme\flat
[20:27:35] [Render thread/INFO] [ThemeLoader] Preloaded theme textures: 0
[20:27:35] [Render thread/INFO] [JourneymapClient] postInitialize EXIT, elapsed count 1 avg 27.54ms
[20:27:36] [JM-VersionCheck-1/INFO] [VersionCheck] Newer version online: JourneyMap 5.9.6 for Minecraft 1.18.2 on https://www.curseforge.com/minecraft/mc-mods/journeymap/files/4517052
[20:31:03] [Server thread/INFO] [ForgeConfig] Loading JourneyMap Forge Configs
[20:31:19] [Render thread/WARN] [PropertiesBase] core (Initialized) Bad configField entry during updateFrom(): optionsManagerViewed=null
[20:31:19] [Render thread/INFO] [ModBlockDelegate] Custom modded block handling enabled for create
[20:31:19] [Render thread/INFO] [WaypointStore] Loaded 1 waypoints from C:\Users\Kamil Kusiak\AppData\Roaming\Crystal-Launcher\instances\u.Amongas\.minecraft\journeymap\data\sp\New World\waypoints
[20:31:19] [Render thread/INFO] [JourneymapClient] Mapping started in C:\Users\Kamil Kusiak\AppData\Roaming\Crystal-Launcher\instances\u.Amongas\.minecraft\journeymap\data\sp\New World\overworld. Memory: 3904MB total, 1331MB free 
[20:33:57] [Render thread/WARN] [JMLogger] Can't get entityTexture for naturalist:textures/entity_icon/rhino.png
[20:33:58] [Render thread/INFO] [ChatLog] 
[20:34:02] [Render thread/WARN] [JMLogger] Can't get entityTexture for betteranimalsplus:textures/entity_icon/goose_2.png
[20:34:02] [Render thread/WARN] [JMLogger] Can't get entityTexture for betteranimalsplus:textures/entity_icon/goose_3.png
[20:34:02] [Render thread/WARN] [JMLogger] Can't get entityTexture for betteranimalsplus:textures/entity_icon/nautilus.png
[20:34:02] [Render thread/WARN] [JMLogger] Can't get entityTexture for betteranimalsplus:textures/entity_icon/flying_fish_purple.png
[20:34:02] [Render thread/WARN] [JMLogger] Can't get entityTexture for betteranimalsplus:textures/entity_icon/eel_saltwater_moray.png
[20:34:08] [Render thread/WARN] [JMLogger] Can't get entityTexture for betteranimalsplus:textures/entity_icon/jellyfish_barrel.png
[20:34:08] [Render thread/WARN] [JMLogger] Can't get entityTexture for betteranimalsplus:textures/entity_icon/flying_fish_yellow.png
[20:34:19] [Render thread/WARN] [JMLogger] Can't get entityTexture for betteranimalsplus:textures/entity_icon/jellyfish_moon.png
[20:34:19] [Render thread/WARN] [JMLogger] Can't get entityTexture for betteranimalsplus:textures/entity_icon/jellyfish_white_spotted.png
[20:34:19] [Render thread/WARN] [JMLogger] Can't get entityTexture for betteranimalsplus:textures/entity_icon/jellyfish_japanese_sea_nettle.png
[20:34:28] [Render thread/WARN] [JMLogger] Can't get entityTexture for betteranimalsplus:textures/entity_icon/eel_freshwater_silver.png
[20:34:37] [Render thread/WARN] [JMLogger] Can't get entityTexture for betteranimalsplus:textures/entity_icon/barracuda.png
[20:34:37] [Render thread/WARN] [JMLogger] Can't get entityTexture for betteranimalsplus:textures/entity_icon/piranha.png
[20:34:53] [Render thread/WARN] [JMLogger] Can't get entityTexture for betteranimalsplus:textures/entity_icon/jellyfish_crown.png
[20:42:37] [Render thread/WARN] [JMLogger] Can't get entityTexture for betteranimalsplus:textures/entity_icon/butterfly_red_admiral.png
[20:42:37] [Render thread/WARN] [JMLogger] Can't get entityTexture for betteranimalsplus:textures/entity_icon/butterfly_swallowtail.png
[20:44:32] [Render thread/WARN] [JMLogger] Can't get entityTexture for betteranimalsplus:textures/entity_icon/eel_saltwater_ribbon.png
[20:45:15] [Render thread/WARN] [JMLogger] Can't get entityTexture for betteranimalsplus:textures/entity_icon/jellyfish_purple_striped.png
[20:49:40] [Render thread/WARN] [JMLogger] Can't get entityTexture for betteranimalsplus:textures/entity_icon/eel_saltwater_dragon.png
[21:02:32] [Render thread/WARN] [JMLogger] Can't get entityTexture for betteranimalsplus:textures/entity_icon/butterfly_purple_emperor.png
[21:08:08] [Render thread/WARN] [JMLogger] Can't get entityTexture for naturalist:textures/entity_icon/boar.png
[21:08:18] [Render thread/WARN] [JMLogger] Can't get entityTexture for betteranimalsplus:textures/entity_icon/butterfly_monarch.png
[21:08:18] [Render thread/WARN] [JMLogger] Can't get entityTexture for duckling:textures/entity_icon/mallard.png
[21:08:22] [Render thread/WARN] [JMLogger] Can't get entityTexture for betteranimalsplus:textures/entity_icon/lamprey_spotted.png
[21:08:59] [Render thread/WARN] [JMLogger] Can't get entityTexture for betteranimalsplus:textures/entity_icon/butterfly_monarch.png
[21:09:05] [Render thread/WARN] [JMLogger] Can't get entityTexture for betteranimalsplus:textures/entity_icon/goose_2.png
[21:09:05] [Render thread/WARN] [JMLogger] Can't get entityTexture for betteranimalsplus:textures/entity_icon/goose_3.png
[21:09:05] [Render thread/WARN] [JMLogger] Can't get entityTexture for naturalist:textures/entity_icon/rhino.png
[21:09:47] [Render thread/WARN] [JMLogger] Can't get entityTexture for betteranimalsplus:textures/entity_icon/barracuda.png
[21:10:55] [Render thread/WARN] [JMLogger] Can't get entityTexture for betteranimalsplus:textures/entity_icon/nautilus.png
[21:10:55] [Render thread/WARN] [JMLogger] Can't get entityTexture for betteranimalsplus:textures/entity_icon/jellyfish_purple_striped.png
[21:10:55] [Render thread/WARN] [JMLogger] Can't get entityTexture for betteranimalsplus:textures/entity_icon/jellyfish_moon.png
[21:10:55] [Render thread/WARN] [JMLogger] Can't get entityTexture for betteranimalsplus:textures/entity_icon/jellyfish_barrel.png
[21:10:59] [Render thread/WARN] [JMLogger] Can't get entityTexture for betteranimalsplus:textures/entity_icon/flying_fish_purple.png
[21:12:30] [Render thread/WARN] [JMLogger] Can't get entityTexture for betteranimalsplus:textures/entity_icon/flying_fish_yellow.png
[21:13:17] [Render thread/WARN] [JMLogger] Can't get entityTexture for betteranimalsplus:textures/entity_icon/eel_saltwater_moray.png
[21:15:24] [Render thread/WARN] [JMLogger] Can't get entityTexture for betteranimalsplus:textures/entity_icon/butterfly_morpho.png
[21:15:24] [Render thread/WARN] [JMLogger] Can't get entityTexture for betteranimalsplus:textures/entity_icon/piranha.png
[21:16:59] [Render thread/WARN] [JMLogger] Can't get entityTexture for betteranimalsplus:textures/entity_icon/jellyfish_crown.png
[21:16:59] [Render thread/WARN] [JMLogger] Can't get entityTexture for betteranimalsplus:textures/entity_icon/eel_saltwater_conger.png
[21:18:43] [Render thread/WARN] [JMLogger] Can't get entityTexture for ars_nouveau:textures/entity_icon/drygmy_brown.png
[21:18:43] [Render thread/WARN] [JMLogger] Can't get entityTexture for naturalist:textures/entity_icon/boar.png
[21:18:43] [Render thread/WARN] [JMLogger] Can't get entityTexture for ars_nouveau:textures/entity_icon/carbuncle_wild_orange.png
[21:18:46] [Render thread/WARN] [JMLogger] Can't get entityTexture for ars_nouveau:textures/entity_icon/sylph_summer.png
[21:18:49] [Render thread/WARN] [JMLogger] Can't get entityTexture for naturalist:textures/entity_icon/snake/rattlesnake.png
[21:19:21] [Render thread/WARN] [JMLogger] Can't get entityTexture for naturalist:textures/entity_icon/lion.png
[21:19:21] [Render thread/WARN] [JMLogger] Can't get entityTexture for naturalist:textures/entity_icon/vulture.png
[21:20:22] [Render thread/WARN] [JMLogger] Can't get entityTexture for naturalist:textures/entity_icon/cardinal.png
[21:20:26] [Render thread/WARN] [JMLogger] Can't get entityTexture for hexerei:textures/entity_icon/crow.png
[21:20:45] [Render thread/WARN] [JMLogger] Can't get entityTexture for betteranimalsplus:textures/entity_icon/eel_saltwater_dragon.png
[21:21:13] [Render thread/WARN] [JMLogger] Can't get entityTexture for naturalist:textures/entity_icon/hippo.png
[21:25:15] [Render thread/WARN] [JMLogger] Can't get entityTexture for naturalist:textures/entity_icon/zebra.png
[21:25:15] [Render thread/WARN] [JMLogger] Can't get entityTexture for naturalist:textures/entity_icon/snail.png
[21:25:45] [Render thread/WARN] [JMLogger] Can't get entityTexture for ars_nouveau:textures/entity_icon/sylph_summer.png
[21:25:45] [Render thread/WARN] [JMLogger] Can't get entityTexture for ars_nouveau:textures/entity_icon/carbuncle_wild_orange.png
[21:25:45] [Render thread/WARN] [JMLogger] Can't get entityTexture for naturalist:textures/entity_icon/boar.png
[21:25:45] [Render thread/WARN] [JMLogger] Can't get entityTexture for naturalist:textures/entity_icon/lion.png
[21:25:45] [Render thread/WARN] [JMLogger] Can't get entityTexture for naturalist:textures/entity_icon/hippo.png
[21:25:45] [Render thread/WARN] [JMLogger] Can't get entityTexture for naturalist:textures/entity_icon/vulture.png
[21:25:45] [Render thread/WARN] [JMLogger] Can't get entityTexture for naturalist:textures/entity_icon/rhino.png
[21:25:45] [Render thread/WARN] [JMLogger] Can't get entityTexture for ars_nouveau:textures/entity_icon/drygmy_brown.png
[21:25:48] [Render thread/WARN] [JMLogger] Can't get entityTexture for betteranimalsplus:textures/entity_icon/goose_2.png
[21:25:48] [Render thread/WARN] [JMLogger] Can't get entityTexture for betteranimalsplus:textures/entity_icon/goose_3.png
[21:25:48] [Render thread/WARN] [JMLogger] Can't get entityTexture for naturalist:textures/entity_icon/snake/rattlesnake.png
[21:25:48] [Render thread/WARN] [JMLogger] Can't get entityTexture for naturalist:textures/entity_icon/cardinal.png
[21:25:48] [Render thread/WARN] [JMLogger] Can't get entityTexture for naturalist:textures/entity_icon/zebra.png
[21:25:48] [Render thread/WARN] [JMLogger] Can't get entityTexture for betteranimalsplus:textures/entity_icon/butterfly_sulphur.png
[21:26:11] [Render thread/WARN] [JMLogger] Can't get entityTexture for hexerei:textures/entity_icon/crow.png
[21:26:11] [Render thread/WARN] [JMLogger] Can't get entityTexture for betteranimalsplus:textures/entity_icon/eel_saltwater_conger.png
[21:26:17] [Render thread/WARN] [JMLogger] Can't get entityTexture for naturalist:textures/entity_icon/elephant.png
[21:26:54] [Render thread/WARN] [JMLogger] Can't get entityTexture for betteranimalsplus:textures/entity_icon/eel_saltwater_moray.png
[21:27:06] [Render thread/WARN] [JMLogger] Can't get entityTexture for betteranimalsplus:textures/entity_icon/butterfly_monarch.png
[21:27:18] [Render thread/WARN] [JMLogger] Can't get entityTexture for betteranimalsplus:textures/entity_icon/flying_fish_yellow.png
[21:28:19] [Render thread/WARN] [JMLogger] Can't get entityTexture for betteranimalsplus:textures/entity_icon/butterfly_morpho.png
[21:28:28] [Render thread/WARN] [JMLogger] Can't get entityTexture for ars_nouveau:textures/entity_icon/carbuncle_wild_orange.png
[21:28:28] [Render thread/WARN] [JMLogger] Can't get entityTexture for ars_nouveau:textures/entity_icon/sylph_summer.png
[21:28:28] [Render thread/WARN] [JMLogger] Can't get entityTexture for naturalist:textures/entity_icon/snake/rattlesnake.png
[21:28:28] [Render thread/WARN] [JMLogger] Can't get entityTexture for naturalist:textures/entity_icon/lion.png
[21:28:28] [Render thread/WARN] [JMLogger] Can't get entityTexture for naturalist:textures/entity_icon/cardinal.png
[21:28:28] [Render thread/WARN] [JMLogger] Can't get entityTexture for ars_nouveau:textures/entity_icon/drygmy_brown.png
[21:28:28] [Render thread/WARN] [JMLogger] Can't get entityTexture for naturalist:textures/entity_icon/boar.png
[21:28:28] [Render thread/WARN] [JMLogger] Can't get entityTexture for naturalist:textures/entity_icon/hippo.png
[21:28:28] [Render thread/WARN] [JMLogger] Can't get entityTexture for naturalist:textures/entity_icon/zebra.png
[21:28:28] [Render thread/WARN] [JMLogger] Can't get entityTexture for naturalist:textures/entity_icon/rhino.png
[21:28:28] [Render thread/WARN] [JMLogger] Can't get entityTexture for naturalist:textures/entity_icon/elephant.png
[21:28:28] [Render thread/WARN] [JMLogger] Can't get entityTexture for naturalist:textures/entity_icon/vulture.png
[21:28:28] [Render thread/WARN] [JMLogger] Can't get entityTexture for betteranimalsplus:textures/entity_icon/flying_fish_yellow.png
[21:28:41] [Render thread/WARN] [JMLogger] Can't get entityTexture for betteranimalsplus:textures/entity_icon/goose_2.png
[21:28:41] [Render thread/WARN] [JMLogger] Can't get entityTexture for betteranimalsplus:textures/entity_icon/goose_3.png
[21:28:46] [Render thread/WARN] [JMLogger] Can't get entityTexture for hexerei:textures/entity_icon/crow.png
[21:28:46] [Render thread/WARN] [JMLogger] Can't get entityTexture for betteranimalsplus:textures/entity_icon/eel_saltwater_conger.png
[21:28:46] [Render thread/WARN] [JMLogger] Can't get entityTexture for betteranimalsplus:textures/entity_icon/eel_saltwater_dragon.png
[21:29:08] [Render thread/WARN] [JMLogger] Can't get entityTexture for betteranimalsplus:textures/entity_icon/eel_saltwater_snowflake.png
[21:29:08] [Render thread/WARN] [JMLogger] Can't get entityTexture for betteranimalsplus:textures/entity_icon/eel_saltwater_moray.png
[21:29:12] [Render thread/WARN] [JMLogger] Can't get entityTexture for betteranimalsplus:textures/entity_icon/butterfly_morpho.png
[21:30:31] [Render thread/WARN] [JMLogger] Can't get entityTexture for betteranimalsplus:textures/entity_icon/flying_fish_purple.png
[21:30:59] [Render thread/WARN] [JMLogger] Can't get entityTexture for betteranimalsplus:textures/entity_icon/butterfly_red_admiral.png
[21:32:44] [Render thread/WARN] [JMLogger] Can't get entityTexture for naturalist:textures/entity_icon/rhino.png
[21:32:44] [Render thread/WARN] [JMLogger] Can't get entityTexture for hexerei:textures/entity_icon/crow.png
[21:32:44] [Render thread/WARN] [JMLogger] Can't get entityTexture for ars_nouveau:textures/entity_icon/drygmy_brown.png
[21:32:44] [Render thread/WARN] [JMLogger] Can't get entityTexture for naturalist:textures/entity_icon/boar.png
[21:32:44] [Render thread/WARN] [JMLogger] Can't get entityTexture for ars_nouveau:textures/entity_icon/carbuncle_wild_orange.png
[21:32:44] [Render thread/WARN] [JMLogger] Can't get entityTexture for ars_nouveau:textures/entity_icon/sylph_summer.png
[21:32:44] [Render thread/WARN] [JMLogger] Can't get entityTexture for naturalist:textures/entity_icon/snake/rattlesnake.png
[21:32:44] [Render thread/WARN] [JMLogger] Can't get entityTexture for naturalist:textures/entity_icon/lion.png
[21:32:44] [Render thread/WARN] [JMLogger] Can't get entityTexture for naturalist:textures/entity_icon/cardinal.png
[21:32:44] [Render thread/WARN] [JMLogger] Can't get entityTexture for naturalist:textures/entity_icon/hippo.png
[21:32:44] [Render thread/WARN] [JMLogger] Can't get entityTexture for naturalist:textures/entity_icon/zebra.png
[21:32:44] [Render thread/WARN] [JMLogger] Can't get entityTexture for naturalist:textures/entity_icon/elephant.png
[21:32:44] [Render thread/WARN] [JMLogger] Can't get entityTexture for naturalist:textures/entity_icon/vulture.png
[21:32:44] [Render thread/WARN] [JMLogger] Can't get entityTexture for betteranimalsplus:textures/entity_icon/jellyfish_japanese_sea_nettle.png
[21:34:16] [Render thread/WARN] [JMLogger] Can't get entityTexture for betteranimalsplus:textures/entity_icon/goose_2.png
[21:34:16] [Render thread/WARN] [JMLogger] Can't get entityTexture for betteranimalsplus:textures/entity_icon/goose_3.png
[21:34:16] [Render thread/WARN] [JMLogger] Can't get entityTexture for betteranimalsplus:textures/entity_icon/flying_fish_purple.png
[21:34:42] [Render thread/WARN] [JMLogger] Can't get entityTexture for betteranimalsplus:textures/entity_icon/butterfly_sulphur.png
[21:34:42] [Render thread/WARN] [JMLogger] Can't get entityTexture for betteranimalsplus:textures/entity_icon/butterfly_morpho.png
[21:34:50] [Render thread/WARN] [JMLogger] Can't get entityTexture for betteranimalsplus:textures/entity_icon/flying_fish_yellow.png
[21:34:50] [Render thread/WARN] [JMLogger] Can't get entityTexture for betteranimalsplus:textures/entity_icon/eel_saltwater_snowflake.png
[21:35:12] [Render thread/WARN] [JMLogger] Can't get entityTexture for betteranimalsplus:textures/entity_icon/barracuda.png
[21:35:56] [Render thread/INFO] [StatTimer] TileDrawStep.updateRegionTexture hit max count, 1000000
[21:35:56] [Render thread/INFO] [StatTimer] TileDrawStep.draw(low) hit max count, 1000000
[21:36:43] [Render thread/WARN] [JMLogger] Can't get entityTexture for naturalist:textures/entity_icon/rhino.png
[21:36:43] [Render thread/WARN] [JMLogger] Can't get entityTexture for naturalist:textures/entity_icon/snake/rattlesnake.png
[21:36:43] [Render thread/WARN] [JMLogger] Can't get entityTexture for ars_nouveau:textures/entity_icon/sylph_summer.png
[21:36:43] [Render thread/WARN] [JMLogger] Can't get entityTexture for ars_nouveau:textures/entity_icon/drygmy_brown.png
[21:36:43] [Render thread/WARN] [JMLogger] Can't get entityTexture for ars_nouveau:textures/entity_icon/carbuncle_wild_orange.png
[21:36:43] [Render thread/WARN] [JMLogger] Can't get entityTexture for naturalist:textures/entity_icon/cardinal.png
[21:36:43] [Render thread/WARN] [JMLogger] Can't get entityTexture for naturalist:textures/entity_icon/hippo.png
[21:36:43] [Render thread/WARN] [JMLogger] Can't get entityTexture for naturalist:textures/entity_icon/zebra.png
[21:36:43] [Render thread/WARN] [JMLogger] Can't get entityTexture for naturalist:textures/entity_icon/vulture.png
[21:36:43] [Render thread/WARN] [JMLogger] Can't get entityTexture for betteranimalsplus:textures/entity_icon/barracuda.png
[21:36:43] [Render thread/WARN] [JMLogger] Can't get entityTexture for naturalist:textures/entity_icon/boar.png
[21:36:48] [Render thread/WARN] [JMLogger] Can't get entityTexture for betteranimalsplus:textures/entity_icon/goose_2.png
[21:36:48] [Render thread/WARN] [JMLogger] Can't get entityTexture for betteranimalsplus:textures/entity_icon/goose_3.png
[21:36:48] [Render thread/WARN] [JMLogger] Can't get entityTexture for naturalist:textures/entity_icon/lion.png
[21:36:48] [Render thread/WARN] [JMLogger] Can't get entityTexture for naturalist:textures/entity_icon/elephant.png
[21:36:58] [Render thread/WARN] [JMLogger] Can't get entityTexture for betteranimalsplus:textures/entity_icon/jellyfish_white_spotted.png
[21:37:15] [Render thread/WARN] [JMLogger] Can't get entityTexture for betteranimalsplus:textures/entity_icon/flying_fish_purple.png
[21:37:15] [Render thread/WARN] [JMLogger] Can't get entityTexture for betteranimalsplus:textures/entity_icon/jellyfish_purple_striped.png
[21:39:00] [Render thread/WARN] [JMLogger] Can't get entityTexture for betteranimalsplus:textures/entity_icon/jellyfish_crown.png
[21:39:29] [Render thread/WARN] [JMLogger] Can't get entityTexture for ars_nouveau:textures/entity_icon/carbuncle_wild_orange.png
[21:39:29] [Render thread/WARN] [JMLogger] Can't get entityTexture for ars_nouveau:textures/entity_icon/drygmy_brown.png
[21:39:29] [Render thread/WARN] [JMLogger] Can't get entityTexture for naturalist:textures/entity_icon/boar.png
[21:39:29] [Render thread/WARN] [JMLogger] Can't get entityTexture for ars_nouveau:textures/entity_icon/sylph_summer.png
[21:39:29] [Render thread/WARN] [JMLogger] Can't get entityTexture for naturalist:textures/entity_icon/hippo.png
[21:39:29] [Render thread/WARN] [JMLogger] Can't get entityTexture for naturalist:textures/entity_icon/zebra.png
[21:39:29] [Render thread/WARN] [JMLogger] Can't get entityTexture for naturalist:textures/entity_icon/lion.png
[21:39:29] [Render thread/WARN] [JMLogger] Can't get entityTexture for naturalist:textures/entity_icon/rhino.png
[21:39:29] [Render thread/WARN] [JMLogger] Can't get entityTexture for naturalist:textures/entity_icon/elephant.png
[21:39:29] [Render thread/WARN] [JMLogger] Can't get entityTexture for naturalist:textures/entity_icon/snake/rattlesnake.png
[21:39:29] [Render thread/WARN] [JMLogger] Can't get entityTexture for naturalist:textures/entity_icon/cardinal.png
[21:39:29] [Render thread/WARN] [JMLogger] Can't get entityTexture for naturalist:textures/entity_icon/snail.png
[21:39:34] [Render thread/WARN] [JMLogger] Can't get entityTexture for betteranimalsplus:textures/entity_icon/goose_2.png
[21:39:34] [Render thread/WARN] [JMLogger] Can't get entityTexture for betteranimalsplus:textures/entity_icon/goose_3.png
[21:39:44] [Render thread/WARN] [JMLogger] Can't get entityTexture for betteranimalsplus:textures/entity_icon/flying_fish_yellow.png
[21:40:26] [Render thread/WARN] [JMLogger] Can't get entityTexture for betteranimalsplus:textures/entity_icon/jellyfish_barrel.png
[21:40:37] [Render thread/WARN] [JMLogger] Can't get entityTexture for betteranimalsplus:textures/entity_icon/butterfly_red_admiral.png
[21:40:37] [Render thread/WARN] [JMLogger] Can't get entityTexture for naturalist:textures/entity_icon/vulture.png
[21:43:46] [Render thread/WARN] [JMLogger] Can't get entityTexture for betteranimalsplus:textures/entity_icon/eel_saltwater_ribbon.png
[21:44:58] [Render thread/WARN] [JMLogger] Can't get entityTexture for betteranimalsplus:textures/entity_icon/barracuda.png
[21:44:58] [Render thread/WARN] [JMLogger] Can't get entityTexture for betteranimalsplus:textures/entity_icon/jellyfish_white_spotted.png
[21:44:58] [Render thread/WARN] [JMLogger] Can't get entityTexture for betteranimalsplus:textures/entity_icon/jellyfish_crown.png
[21:44:58] [Render thread/WARN] [JMLogger] Can't get entityTexture for betteranimalsplus:textures/entity_icon/jellyfish_japanese_sea_nettle.png
[21:44:58] [Render thread/WARN] [JMLogger] Can't get entityTexture for betteranimalsplus:textures/entity_icon/jellyfish_moon.png
[21:45:45] [Render thread/WARN] [JMLogger] Can't get entityTexture for betteranimalsplus:textures/entity_icon/jellyfish_purple_striped.png
[21:46:19] [Render thread/WARN] [JMLogger] Can't get entityTexture for naturalist:textures/entity_icon/zebra.png
[21:46:19] [Render thread/WARN] [JMLogger] Can't get entityTexture for naturalist:textures/entity_icon/rhino.png
[21:46:19] [Render thread/WARN] [JMLogger] Can't get entityTexture for naturalist:textures/entity_icon/boar.png
[21:46:19] [Render thread/WARN] [JMLogger] Can't get entityTexture for ars_nouveau:textures/entity_icon/carbuncle_wild_orange.png
[21:46:19] [Render thread/WARN] [JMLogger] Can't get entityTexture for naturalist:textures/entity_icon/cardinal.png
[21:46:19] [Render thread/WARN] [JMLogger] Can't get entityTexture for naturalist:textures/entity_icon/elephant.png
[21:46:19] [Render thread/WARN] [JMLogger] Can't get entityTexture for naturalist:textures/entity_icon/lion.png
[21:46:19] [Render thread/WARN] [JMLogger] Can't get entityTexture for naturalist:textures/entity_icon/vulture.png
[21:46:19] [Render thread/WARN] [JMLogger] Can't get entityTexture for ars_nouveau:textures/entity_icon/sylph_summer.png
[21:46:19] [Render thread/WARN] [JMLogger] Can't get entityTexture for naturalist:textures/entity_icon/snake/rattlesnake.png
[21:46:19] [Render thread/WARN] [JMLogger] Can't get entityTexture for betteranimalsplus:textures/entity_icon/jellyfish_moon.png
[21:46:19] [Render thread/WARN] [JMLogger] Can't get entityTexture for betteranimalsplus:textures/entity_icon/jellyfish_japanese_sea_nettle.png
[21:46:19] [Render thread/WARN] [JMLogger] Can't get entityTexture for naturalist:textures/entity_icon/hippo.png
[21:46:19] [Render thread/WARN] [JMLogger] Can't get entityTexture for betteranimalsplus:textures/entity_icon/jellyfish_crown.png
[21:46:19] [Render thread/WARN] [JMLogger] Can't get entityTexture for betteranimalsplus:textures/entity_icon/barracuda.png
[21:46:22] [Render thread/WARN] [JMLogger] Can't get entityTexture for betteranimalsplus:textures/entity_icon/goose_2.png
[21:46:22] [Render thread/WARN] [JMLogger] Can't get entityTexture for betteranimalsplus:textures/entity_icon/goose_3.png
[21:46:22] [Render thread/WARN] [JMLogger] Can't get entityTexture for ars_nouveau:textures/entity_icon/drygmy_brown.png
[21:46:28] [Render thread/WARN] [JMLogger] Can't get entityTexture for hexerei:textures/entity_icon/crow.png
[21:46:49] [Render thread/WARN] [JMLogger] Can't get entityTexture for betteranimalsplus:textures/entity_icon/butterfly_monarch.png
[21:46:49] [Render thread/WARN] [JMLogger] Can't get entityTexture for betteranimalsplus:textures/entity_icon/butterfly_swallowtail.png
[21:48:12] [Render thread/WARN] [JMLogger] Can't get entityTexture for betteranimalsplus:textures/entity_icon/flying_fish_purple.png
[21:48:24] [Render thread/WARN] [JMLogger] Can't get entityTexture for naturalist:textures/entity_icon/boar.png
[21:48:24] [Render thread/WARN] [JMLogger] Can't get entityTexture for ars_nouveau:textures/entity_icon/carbuncle_wild_orange.png
[21:48:24] [Render thread/WARN] [JMLogger] Can't get entityTexture for naturalist:textures/entity_icon/zebra.png
[21:48:24] [Render thread/WARN] [JMLogger] Can't get entityTexture for naturalist:textures/entity_icon/cardinal.png
[21:48:24] [Render thread/WARN] [JMLogger] Can't get entityTexture for naturalist:textures/entity_icon/rhino.png
[21:48:24] [Render thread/WARN] [JMLogger] Can't get entityTexture for naturalist:textures/entity_icon/elephant.png
[21:48:24] [Render thread/WARN] [JMLogger] Can't get entityTexture for naturalist:textures/entity_icon/lion.png
[21:48:24] [Render thread/WARN] [JMLogger] Can't get entityTexture for naturalist:textures/entity_icon/vulture.png
[21:48:24] [Render thread/WARN] [JMLogger] Can't get entityTexture for ars_nouveau:textures/entity_icon/sylph_summer.png
[21:48:24] [Render thread/WARN] [JMLogger] Can't get entityTexture for naturalist:textures/entity_icon/snake/rattlesnake.png
[21:48:24] [Render thread/WARN] [JMLogger] Can't get entityTexture for naturalist:textures/entity_icon/hippo.png
[21:48:24] [Render thread/WARN] [JMLogger] Can't get entityTexture for betteranimalsplus:textures/entity_icon/butterfly_swallowtail.png
[21:48:24] [Render thread/WARN] [JMLogger] Can't get entityTexture for betteranimalsplus:textures/entity_icon/flying_fish_purple.png
[21:48:54] [Render thread/WARN] [JMLogger] Can't get entityTexture for betteranimalsplus:textures/entity_icon/goose_2.png
[21:48:54] [Render thread/WARN] [JMLogger] Can't get entityTexture for betteranimalsplus:textures/entity_icon/goose_3.png
[21:48:54] [Render thread/WARN] [JMLogger] Can't get entityTexture for ars_nouveau:textures/entity_icon/drygmy_brown.png
[21:49:00] [Render thread/WARN] [JMLogger] Can't get entityTexture for hexerei:textures/entity_icon/crow.png
[21:49:35] [Render thread/WARN] [JMLogger] Can't get entityTexture for betteranimalsplus:textures/entity_icon/eel_saltwater_snowflake.png
[21:49:35] [Render thread/WARN] [JMLogger] Can't get entityTexture for betteranimalsplus:textures/entity_icon/butterfly_monarch.png
[21:50:11] [Render thread/WARN] [JMLogger] Can't get entityTexture for betteranimalsplus:textures/entity_icon/flying_fish_yellow.png
[21:50:39] [Render thread/WARN] [JMLogger] Can't get entityTexture for betteranimalsplus:textures/entity_icon/butterfly_morpho.png
[21:50:54] [Render thread/WARN] [JMLogger] Can't get entityTexture for betteranimalsplus:textures/entity_icon/flying_fish_yellow.png
[21:50:54] [Render thread/WARN] [JMLogger] Can't get entityTexture for betteranimalsplus:textures/entity_icon/butterfly_morpho.png
[21:50:54] [Render thread/WARN] [JMLogger] Can't get entityTexture for naturalist:textures/entity_icon/cardinal.png
[21:51:13] [Render thread/WARN] [JMLogger] Can't get entityTexture for betteranimalsplus:textures/entity_icon/goose_2.png
[21:51:13] [Render thread/WARN] [JMLogger] Can't get entityTexture for betteranimalsplus:textures/entity_icon/goose_3.png
[21:51:13] [Render thread/WARN] [JMLogger] Can't get entityTexture for naturalist:textures/entity_icon/rhino.png
[21:51:13] [Render thread/WARN] [JMLogger] Can't get entityTexture for ars_nouveau:textures/entity_icon/drygmy_brown.png
[21:51:13] [Render thread/WARN] [JMLogger] Can't get entityTexture for naturalist:textures/entity_icon/boar.png
[21:51:13] [Render thread/WARN] [JMLogger] Can't get entityTexture for ars_nouveau:textures/entity_icon/carbuncle_wild_orange.png
[21:51:13] [Render thread/WARN] [JMLogger] Can't get entityTexture for ars_nouveau:textures/entity_icon/sylph_summer.png
[21:51:13] [Render thread/WARN] [JMLogger] Can't get entityTexture for naturalist:textures/entity_icon/snake/rattlesnake.png
[21:51:13] [Render thread/WARN] [JMLogger] Can't get entityTexture for naturalist:textures/entity_icon/lion.png
[21:51:13] [Render thread/WARN] [JMLogger] Can't get entityTexture for naturalist:textures/entity_icon/hippo.png
[21:51:13] [Render thread/WARN] [JMLogger] Can't get entityTexture for naturalist:textures/entity_icon/zebra.png
[21:51:13] [Render thread/WARN] [JMLogger] Can't get entityTexture for naturalist:textures/entity_icon/elephant.png
[21:51:35] [Render thread/WARN] [JMLogger] Can't get entityTexture for betteranimalsplus:textures/entity_icon/eel_saltwater_snowflake.png
[21:54:12] [Render thread/WARN] [JMLogger] Can't get entityTexture for betteranimalsplus:textures/entity_icon/jellyfish_japanese_sea_nettle.png
[21:54:12] [Render thread/WARN] [JMLogger] Can't get entityTexture for betteranimalsplus:textures/entity_icon/jellyfish_moon.png
[21:55:31] [Render thread/WARN] [JMLogger] Can't get entityTexture for betteranimalsplus:textures/entity_icon/jellyfish_white_spotted.png
[21:55:31] [Render thread/WARN] [JMLogger] Can't get entityTexture for betteranimalsplus:textures/entity_icon/flying_fish_purple.png
[21:56:15] [Render thread/WARN] [JMLogger] Can't get entityTexture for naturalist:textures/entity_icon/snake/rattlesnake.png
[21:56:15] [Render thread/WARN] [JMLogger] Can't get entityTexture for naturalist:textures/entity_icon/hippo.png
[21:56:15] [Render thread/WARN] [JMLogger] Can't get entityTexture for naturalist:textures/entity_icon/boar.png
[21:56:15] [Render thread/WARN] [JMLogger] Can't get entityTexture for naturalist:textures/entity_icon/cardinal.png
[21:56:15] [Render thread/WARN] [JMLogger] Can't get entityTexture for betteranimalsplus:textures/entity_icon/butterfly_morpho.png
[21:56:15] [Render thread/WARN] [JMLogger] Can't get entityTexture for betteranimalsplus:textures/entity_icon/jellyfish_white_spotted.png
[21:56:15] [Render thread/WARN] [JMLogger] Can't get entityTexture for betteranimalsplus:textures/entity_icon/flying_fish_purple.png
[21:56:15] [Render thread/WARN] [JMLogger] Can't get entityTexture for naturalist:textures/entity_icon/giraffe.png
[21:56:15] [Render thread/WARN] [JMLogger] Can't get entityTexture for naturalist:textures/entity_icon/elephant.png
[21:56:19] [Render thread/WARN] [JMLogger] Can't get entityTexture for betteranimalsplus:textures/entity_icon/goose_2.png
[21:56:19] [Render thread/WARN] [JMLogger] Can't get entityTexture for betteranimalsplus:textures/entity_icon/goose_3.png
[21:56:19] [Render thread/WARN] [JMLogger] Can't get entityTexture for naturalist:textures/entity_icon/rhino.png
[21:56:19] [Render thread/WARN] [JMLogger] Can't get entityTexture for ars_nouveau:textures/entity_icon/drygmy_brown.png
[21:56:19] [Render thread/WARN] [JMLogger] Can't get entityTexture for ars_nouveau:textures/entity_icon/carbuncle_wild_orange.png
[21:56:19] [Render thread/WARN] [JMLogger] Can't get entityTexture for ars_nouveau:textures/entity_icon/sylph_summer.png
[21:56:19] [Render thread/WARN] [JMLogger] Can't get entityTexture for naturalist:textures/entity_icon/lion.png
[21:56:19] [Render thread/WARN] [JMLogger] Can't get entityTexture for naturalist:textures/entity_icon/zebra.png
[21:56:29] [Render thread/WARN] [JMLogger] Can't get entityTexture for betteranimalsplus:textures/entity_icon/shark_bull.png
[21:57:17] [Render thread/WARN] [JMLogger] Can't get entityTexture for betteranimalsplus:textures/entity_icon/nautilus.png
[21:58:46] [Render thread/WARN] [JMLogger] Can't get entityTexture for betteranimalsplus:textures/entity_icon/flying_fish_yellow.png
[21:58:50] [Render thread/WARN] [JMLogger] Can't get entityTexture for betteranimalsplus:textures/entity_icon/butterfly_swallowtail.png
[21:58:50] [Render thread/WARN] [JMLogger] Can't get entityTexture for betteranimalsplus:textures/entity_icon/butterfly_purple_emperor.png
[22:01:47] [Render thread/WARN] [JMLogger] Can't get entityTexture for betteranimalsplus:textures/entity_icon/goose_2.png
[22:01:47] [Render thread/WARN] [JMLogger] Can't get entityTexture for betteranimalsplus:textures/entity_icon/goose_3.png
[22:01:47] [Render thread/WARN] [JMLogger] Can't get entityTexture for naturalist:textures/entity_icon/rhino.png
[22:01:47] [Render thread/WARN] [JMLogger] Can't get entityTexture for hexerei:textures/entity_icon/crow.png
[22:01:47] [Render thread/WARN] [JMLogger] Can't get entityTexture for ars_nouveau:textures/entity_icon/drygmy_brown.png
[22:01:47] [Render thread/WARN] [JMLogger] Can't get entityTexture for naturalist:textures/entity_icon/boar.png
[22:01:47] [Render thread/WARN] [JMLogger] Can't get entityTexture for ars_nouveau:textures/entity_icon/carbuncle_wild_orange.png
[22:01:47] [Render thread/WARN] [JMLogger] Can't get entityTexture for ars_nouveau:textures/entity_icon/sylph_summer.png
[22:01:47] [Render thread/WARN] [JMLogger] Can't get entityTexture for naturalist:textures/entity_icon/snake/rattlesnake.png
[22:01:47] [Render thread/WARN] [JMLogger] Can't get entityTexture for naturalist:textures/entity_icon/lion.png
[22:01:47] [Render thread/WARN] [JMLogger] Can't get entityTexture for naturalist:textures/entity_icon/cardinal.png
[22:01:47] [Render thread/WARN] [JMLogger] Can't get entityTexture for naturalist:textures/entity_icon/hippo.png
[22:01:47] [Render thread/WARN] [JMLogger] Can't get entityTexture for naturalist:textures/entity_icon/zebra.png
[22:01:47] [Render thread/WARN] [JMLogger] Can't get entityTexture for naturalist:textures/entity_icon/elephant.png
[22:01:47] [Render thread/WARN] [JMLogger] Can't get entityTexture for naturalist:textures/entity_icon/giraffe.png
[22:02:13] [Render thread/WARN] [JMLogger] Can't get entityTexture for betteranimalsplus:textures/entity_icon/jellyfish_purple_striped.png
[22:02:41] [Render thread/WARN] [JMLogger] Can't get entityTexture for betteranimalsplus:textures/entity_icon/barracuda.png
[22:02:41] [Render thread/WARN] [JMLogger] Can't get entityTexture for betteranimalsplus:textures/entity_icon/flying_fish_yellow.png
[22:02:58] [Render thread/WARN] [JMLogger] Can't get entityTexture for betteranimalsplus:textures/entity_icon/flying_fish_purple.png
[22:04:00] [Render thread/WARN] [JMLogger] Can't get entityTexture for naturalist:textures/entity_icon/elephant.png
[22:04:00] [Render thread/WARN] [JMLogger] Can't get entityTexture for naturalist:textures/entity_icon/boar.png
[22:04:00] [Render thread/WARN] [JMLogger] Can't get entityTexture for ars_nouveau:textures/entity_icon/drygmy_brown.png
[22:04:00] [Render thread/WARN] [JMLogger] Can't get entityTexture for ars_nouveau:textures/entity_icon/sylph_summer.png
[22:04:00] [Render thread/WARN] [JMLogger] Can't get entityTexture for betteranimalsplus:textures/entity_icon/flying_fish_purple.png
[22:05:13] [Render thread/WARN] [JMLogger] Can't get entityTexture for betteranimalsplus:textures/entity_icon/goose_2.png
[22:05:13] [Render thread/WARN] [JMLogger] Can't get entityTexture for betteranimalsplus:textures/entity_icon/goose_3.png
[22:05:13] [Render thread/WARN] [JMLogger] Can't get entityTexture for naturalist:textures/entity_icon/rhino.png
[22:05:13] [Render thread/WARN] [JMLogger] Can't get entityTexture for hexerei:textures/entity_icon/crow.png
[22:05:13] [Render thread/WARN] [JMLogger] Can't get entityTexture for ars_nouveau:textures/entity_icon/carbuncle_wild_orange.png
[22:05:13] [Render thread/WARN] [JMLogger] Can't get entityTexture for naturalist:textures/entity_icon/snake/rattlesnake.png
[22:05:13] [Render thread/WARN] [JMLogger] Can't get entityTexture for naturalist:textures/entity_icon/lion.png
[22:05:13] [Render thread/WARN] [JMLogger] Can't get entityTexture for naturalist:textures/entity_icon/cardinal.png
[22:05:13] [Render thread/WARN] [JMLogger] Can't get entityTexture for naturalist:textures/entity_icon/hippo.png
[22:05:13] [Render thread/WARN] [JMLogger] Can't get entityTexture for naturalist:textures/entity_icon/zebra.png
[22:05:13] [Render thread/WARN] [JMLogger] Can't get entityTexture for naturalist:textures/entity_icon/giraffe.png
[22:07:05] [Render thread/WARN] [JMLogger] Can't get entityTexture for naturalist:textures/entity_icon/cardinal.png
[22:07:05] [Render thread/WARN] [JMLogger] Can't get entityTexture for naturalist:textures/entity_icon/snake/rattlesnake.png
[22:07:05] [Render thread/WARN] [JMLogger] Can't get entityTexture for naturalist:textures/entity_icon/hippo.png
[22:07:05] [Render thread/WARN] [JMLogger] Can't get entityTexture for naturalist:textures/entity_icon/boar.png
[22:07:05] [Render thread/WARN] [JMLogger] Can't get entityTexture for naturalist:textures/entity_icon/giraffe.png
[22:07:05] [Render thread/WARN] [JMLogger] Can't get entityTexture for naturalist:textures/entity_icon/elephant.png
[22:07:05] [Render thread/WARN] [JMLogger] Can't get entityTexture for ars_nouveau:textures/entity_icon/drygmy_brown.png
[22:07:05] [Render thread/WARN] [JMLogger] Can't get entityTexture for ars_nouveau:textures/entity_icon/sylph_summer.png
[22:07:05] [Render thread/WARN] [JMLogger] Can't get entityTexture for betteranimalsplus:textures/entity_icon/flying_fish_purple.png
[22:07:09] [Render thread/WARN] [JMLogger] Can't get entityTexture for betteranimalsplus:textures/entity_icon/goose_2.png
[22:07:09] [Render thread/WARN] [JMLogger] Can't get entityTexture for betteranimalsplus:textures/entity_icon/goose_3.png
[22:07:09] [Render thread/WARN] [JMLogger] Can't get entityTexture for naturalist:textures/entity_icon/rhino.png
[22:07:09] [Render thread/WARN] [JMLogger] Can't get entityTexture for ars_nouveau:textures/entity_icon/carbuncle_wild_orange.png
[22:07:09] [Render thread/WARN] [JMLogger] Can't get entityTexture for naturalist:textures/entity_icon/zebra.png
[22:07:09] [Render thread/WARN] [JMLogger] Can't get entityTexture for naturalist:textures/entity_icon/lion.png
[22:07:09] [Render thread/WARN] [JMLogger] Can't get entityTexture for betteranimalsplus:textures/entity_icon/butterfly_purple_emperor.png
[22:07:09] [Render thread/WARN] [JMLogger] Can't get entityTexture for betteranimalsplus:textures/entity_icon/piranha.png
[22:07:11] [Render thread/WARN] [JMLogger] Can't get entityTexture for ars_nouveau:textures/entity_icon/packhunter.png
[22:07:13] [Render thread/WARN] [JMLogger] Can't get entityTexture for hexerei:textures/entity_icon/crow.png
[22:09:17] [Render thread/WARN] [JMLogger] Can't get entityTexture for betteranimalsplus:textures/entity_icon/jellyfish_moon.png
[22:09:17] [Render thread/WARN] [JMLogger] Can't get entityTexture for naturalist:textures/entity_icon/vulture.png
[22:09:59] [Render thread/WARN] [JMLogger] Can't get entityTexture for ars_nouveau:textures/entity_icon/carbuncle_wild_orange.png
[22:09:59] [Render thread/WARN] [JMLogger] Can't get entityTexture for naturalist:textures/entity_icon/cardinal.png
[22:09:59] [Render thread/WARN] [JMLogger] Can't get entityTexture for naturalist:textures/entity_icon/boar.png
[22:09:59] [Render thread/WARN] [JMLogger] Can't get entityTexture for naturalist:textures/entity_icon/rhino.png
[22:09:59] [Render thread/WARN] [JMLogger] Can't get entityTexture for naturalist:textures/entity_icon/elephant.png
[22:09:59] [Render thread/WARN] [JMLogger] Can't get entityTexture for naturalist:textures/entity_icon/lion.png
[22:09:59] [Render thread/WARN] [JMLogger] Can't get entityTexture for ars_nouveau:textures/entity_icon/sylph_summer.png
[22:09:59] [Render thread/WARN] [JMLogger] Can't get entityTexture for naturalist:textures/entity_icon/snake/rattlesnake.png
[22:09:59] [Render thread/WARN] [JMLogger] Can't get entityTexture for naturalist:textures/entity_icon/hippo.png
[22:09:59] [Render thread/WARN] [JMLogger] Can't get entityTexture for naturalist:textures/entity_icon/giraffe.png
[22:09:59] [Render thread/WARN] [JMLogger] Can't get entityTexture for ars_nouveau:textures/entity_icon/drygmy_brown.png
[22:09:59] [Render thread/WARN] [JMLogger] Can't get entityTexture for naturalist:textures/entity_icon/vulture.png
[22:10:02] [Render thread/WARN] [JMLogger] Can't get entityTexture for betteranimalsplus:textures/entity_icon/goose_2.png
[22:10:02] [Render thread/WARN] [JMLogger] Can't get entityTexture for betteranimalsplus:textures/entity_icon/goose_3.png
[22:10:02] [Render thread/WARN] [JMLogger] Can't get entityTexture for naturalist:textures/entity_icon/zebra.png
[22:10:06] [Render thread/WARN] [JMLogger] Can't get entityTexture for hexerei:textures/entity_icon/crow.png
[22:11:11] [Render thread/WARN] [JMLogger] Can't get entityTexture for betteranimalsplus:textures/entity_icon/piranha.png
[22:12:09] [Render thread/WARN] [JMLogger] Can't get entityTexture for betteranimalsplus:textures/entity_icon/nautilus.png
[22:12:20] [Render thread/WARN] [JMLogger] Can't get entityTexture for naturalist:textures/entity_icon/boar.png
[22:12:20] [Render thread/WARN] [JMLogger] Can't get entityTexture for naturalist:textures/entity_icon/snake/rattlesnake.png
[22:12:20] [Render thread/WARN] [JMLogger] Can't get entityTexture for naturalist:textures/entity_icon/elephant.png
[22:12:20] [Render thread/WARN] [JMLogger] Can't get entityTexture for naturalist:textures/entity_icon/vulture.png
[22:12:20] [Render thread/WARN] [JMLogger] Can't get entityTexture for betteranimalsplus:textures/entity_icon/piranha.png
[22:12:20] [Render thread/WARN] [JMLogger] Can't get entityTexture for betteranimalsplus:textures/entity_icon/nautilus.png
[22:12:34] [Render thread/WARN] [JMLogger] Can't get entityTexture for betteranimalsplus:textures/entity_icon/goose_2.png
[22:12:34] [Render thread/WARN] [JMLogger] Can't get entityTexture for betteranimalsplus:textures/entity_icon/goose_3.png
[22:12:34] [Render thread/WARN] [JMLogger] Can't get entityTexture for naturalist:textures/entity_icon/rhino.png
[22:12:34] [Render thread/WARN] [JMLogger] Can't get entityTexture for hexerei:textures/entity_icon/crow.png
[22:12:34] [Render thread/WARN] [JMLogger] Can't get entityTexture for ars_nouveau:textures/entity_icon/drygmy_brown.png
[22:12:34] [Render thread/WARN] [JMLogger] Can't get entityTexture for ars_nouveau:textures/entity_icon/carbuncle_wild_orange.png
[22:12:34] [Render thread/WARN] [JMLogger] Can't get entityTexture for ars_nouveau:textures/entity_icon/sylph_summer.png
[22:12:34] [Render thread/WARN] [JMLogger] Can't get entityTexture for naturalist:textures/entity_icon/lion.png
[22:12:34] [Render thread/WARN] [JMLogger] Can't get entityTexture for naturalist:textures/entity_icon/cardinal.png
[22:12:34] [Render thread/WARN] [JMLogger] Can't get entityTexture for naturalist:textures/entity_icon/hippo.png
[22:12:34] [Render thread/WARN] [JMLogger] Can't get entityTexture for naturalist:textures/entity_icon/zebra.png
[22:12:34] [Render thread/WARN] [JMLogger] Can't get entityTexture for naturalist:textures/entity_icon/giraffe.png
[22:12:59] [Render thread/WARN] [JMLogger] Can't get entityTexture for betteranimalsplus:textures/entity_icon/flying_fish_yellow.png
[22:14:46] [Render thread/WARN] [JMLogger] Can't get entityTexture for betteranimalsplus:textures/entity_icon/butterfly_sulphur.png
[22:15:41] [Render thread/WARN] [JMLogger] Can't get entityTexture for naturalist:textures/entity_icon/hippo.png
[22:15:41] [Render thread/WARN] [JMLogger] Can't get entityTexture for ars_nouveau:textures/entity_icon/carbuncle_wild_orange.png
[22:15:41] [Render thread/WARN] [JMLogger] Can't get entityTexture for ars_nouveau:textures/entity_icon/drygmy_brown.png
[22:15:41] [Render thread/WARN] [JMLogger] Can't get entityTexture for naturalist:textures/entity_icon/elephant.png
[22:15:41] [Render thread/WARN] [JMLogger] Can't get entityTexture for naturalist:textures/entity_icon/rhino.png
[22:15:41] [Render thread/WARN] [JMLogger] Can't get entityTexture for naturalist:textures/entity_icon/snake/rattlesnake.png
[22:15:41] [Render thread/WARN] [JMLogger] Can't get entityTexture for ars_nouveau:textures/entity_icon/sylph_summer.png
[22:15:41] [Render thread/WARN] [JMLogger] Can't get entityTexture for naturalist:textures/entity_icon/cardinal.png
[22:15:41] [Render thread/WARN] [JMLogger] Can't get entityTexture for naturalist:textures/entity_icon/zebra.png
[22:15:41] [Render thread/WARN] [JMLogger] Can't get entityTexture for naturalist:textures/entity_icon/boar.png
[22:15:41] [Render thread/WARN] [JMLogger] Can't get entityTexture for naturalist:textures/entity_icon/lion.png
[22:15:41] [Render thread/WARN] [JMLogger] Can't get entityTexture for naturalist:textures/entity_icon/giraffe.png
[22:15:47] [Render thread/WARN] [JMLogger] Can't get entityTexture for betteranimalsplus:textures/entity_icon/goose_2.png
[22:15:47] [Render thread/WARN] [JMLogger] Can't get entityTexture for betteranimalsplus:textures/entity_icon/goose_3.png
[22:15:51] [Render thread/WARN] [JMLogger] Can't get entityTexture for betteranimalsplus:textures/entity_icon/butterfly_morpho.png
[22:15:59] [Render thread/WARN] [JMLogger] Can't get entityTexture for hexerei:textures/entity_icon/crow.png
[22:18:05] [Render thread/WARN] [JMLogger] Can't get entityTexture for betteranimalsplus:textures/entity_icon/jellyfish_barrel.png
[22:19:07] [Render thread/WARN] [JMLogger] Can't get entityTexture for ars_nouveau:textures/entity_icon/sylph_summer.png
[22:19:07] [Render thread/WARN] [JMLogger] Can't get entityTexture for naturalist:textures/entity_icon/boar.png
[22:19:07] [Render thread/WARN] [JMLogger] Can't get entityTexture for naturalist:textures/entity_icon/cardinal.png
[22:19:07] [Render thread/WARN] [JMLogger] Can't get entityTexture for naturalist:textures/entity_icon/snake/rattlesnake.png
[22:19:07] [Render thread/WARN] [JMLogger] Can't get entityTexture for naturalist:textures/entity_icon/hippo.png
[22:19:07] [Render thread/WARN] [JMLogger] Can't get entityTexture for naturalist:textures/entity_icon/giraffe.png
[22:19:07] [Render thread/WARN] [JMLogger] Can't get entityTexture for naturalist:textures/entity_icon/elephant.png
[22:19:07] [Render thread/WARN] [JMLogger] Can't get entityTexture for ars_nouveau:textures/entity_icon/drygmy_brown.png
[22:20:49] [Render thread/WARN] [JMLogger] Can't get entityTexture for betteranimalsplus:textures/entity_icon/goose_2.png
[22:20:49] [Render thread/WARN] [JMLogger] Can't get entityTexture for betteranimalsplus:textures/entity_icon/goose_3.png
[22:20:49] [Render thread/WARN] [JMLogger] Can't get entityTexture for naturalist:textures/entity_icon/rhino.png
[22:20:49] [Render thread/WARN] [JMLogger] Can't get entityTexture for ars_nouveau:textures/entity_icon/carbuncle_wild_orange.png
[22:20:49] [Render thread/WARN] [JMLogger] Can't get entityTexture for naturalist:textures/entity_icon/lion.png
[22:20:49] [Render thread/WARN] [JMLogger] Can't get entityTexture for naturalist:textures/entity_icon/zebra.png
[22:22:16] [Render thread/WARN] [JMLogger] Can't get entityTexture for hexerei:textures/entity_icon/crow.png
[22:22:16] [Render thread/WARN] [JMLogger] Can't get entityTexture for betteranimalsplus:textures/entity_icon/boar_light_brown.png
[22:22:16] [Render thread/WARN] [JMLogger] Can't get entityTexture for betteranimalsplus:textures/entity_icon/songbird_small_6.png
[22:22:16] [Render thread/WARN] [JMLogger] Can't get entityTexture for betteranimalsplus:textures/entity_icon/butterfly_red_admiral.png
[22:22:16] [Render thread/WARN] [JMLogger] Can't get entityTexture for betteranimalsplus:textures/entity_icon/piranha.png
[22:22:16] [Render thread/WARN] [JMLogger] Can't get entityTexture for duckling:textures/entity_icon/mallard.png
[22:22:16] [Render thread/WARN] [JMLogger] Can't get entityTexture for duckling:textures/entity_icon/duck.png
[22:23:49] [Render thread/WARN] [JMLogger] Can't get entityTexture for betteranimalsplus:textures/entity_icon/piranha.png
[22:23:49] [Render thread/WARN] [JMLogger] Can't get entityTexture for betteranimalsplus:textures/entity_icon/butterfly_morpho.png
[22:23:49] [Render thread/WARN] [JMLogger] Can't get entityTexture for betteranimalsplus:textures/entity_icon/butterfly_sulphur.png
[22:23:49] [Render thread/WARN] [JMLogger] Can't get entityTexture for ars_nouveau:textures/entity_icon/stalker_angry.png
[22:23:55] [Render thread/WARN] [JMLogger] Can't get entityTexture for hexerei:textures/entity_icon/crow.png
[22:23:55] [Render thread/WARN] [JMLogger] Can't get entityTexture for betteranimalsplus:textures/entity_icon/goose_3.png
[22:23:55] [Render thread/WARN] [JMLogger] Can't get entityTexture for betteranimalsplus:textures/entity_icon/boar_light_brown.png
[22:23:55] [Render thread/WARN] [JMLogger] Can't get entityTexture for betteranimalsplus:textures/entity_icon/songbird_small_6.png
[22:23:55] [Render thread/WARN] [JMLogger] Can't get entityTexture for naturalist:textures/entity_icon/snake/rattlesnake.png
[22:23:55] [Render thread/WARN] [JMLogger] Can't get entityTexture for betteranimalsplus:textures/entity_icon/butterfly_red_admiral.png
[22:24:08] [Render thread/WARN] [JMLogger] Can't get entityTexture for creeperoverhaul:textures/entity_icon/savannah/savannah_creeper.png
[22:25:58] [Render thread/WARN] [JMLogger] Can't get entityTexture for duckling:textures/entity_icon/mallard.png
[22:25:58] [Render thread/WARN] [JMLogger] Can't get entityTexture for duckling:textures/entity_icon/duck.png
[22:26:04] [Render thread/WARN] [JMLogger] Can't get entityTexture for ars_nouveau:textures/entity_icon/drygmy_brown.png
[22:26:04] [Render thread/WARN] [JMLogger] Can't get entityTexture for ars_nouveau:textures/entity_icon/sylph_summer.png
[22:26:04] [Render thread/WARN] [JMLogger] Can't get entityTexture for ars_nouveau:textures/entity_icon/carbuncle_wild_orange.png
[22:26:08] [Render thread/WARN] [JMLogger] Can't get entityTexture for naturalist:textures/entity_icon/lion.png
[22:26:08] [Render thread/WARN] [JMLogger] Can't get entityTexture for naturalist:textures/entity_icon/hippo.png
[22:26:08] [Render thread/WARN] [JMLogger] Can't get entityTexture for naturalist:textures/entity_icon/boar.png
[22:26:08] [Render thread/WARN] [JMLogger] Can't get entityTexture for naturalist:textures/entity_icon/elephant.png
[22:26:08] [Render thread/WARN] [JMLogger] Can't get entityTexture for naturalist:textures/entity_icon/rhino.png
[22:26:08] [Render thread/WARN] [JMLogger] Can't get entityTexture for naturalist:textures/entity_icon/zebra.png
[22:26:08] [Render thread/WARN] [JMLogger] Can't get entityTexture for naturalist:textures/entity_icon/giraffe.png
[22:26:08] [Render thread/WARN] [JMLogger] Can't get entityTexture for naturalist:textures/entity_icon/cardinal.png
[22:26:14] [Render thread/WARN] [JMLogger] Can't get entityTexture for betteranimalsplus:textures/entity_icon/goose_2.png
[22:26:14] [Render thread/WARN] [JMLogger] Can't get entityTexture for ars_nouveau:textures/entity_icon/drygmy_brown.png
[22:26:14] [Render thread/WARN] [JMLogger] Can't get entityTexture for naturalist:textures/entity_icon/boar.png
[22:26:14] [Render thread/WARN] [JMLogger] Can't get entityTexture for naturalist:textures/entity_icon/rhino.png
[22:26:14] [Render thread/WARN] [JMLogger] Can't get entityTexture for ars_nouveau:textures/entity_icon/carbuncle_wild_orange.png
[22:26:14] [Render thread/WARN] [JMLogger] Can't get entityTexture for naturalist:textures/entity_icon/cardinal.png
[22:26:14] [Render thread/WARN] [JMLogger] Can't get entityTexture for naturalist:textures/entity_icon/snake/rattlesnake.png
[22:26:21] [Render thread/WARN] [JMLogger] Can't get entityTexture for betteranimalsplus:textures/entity_icon/goose_2.png
[22:26:21] [Render thread/WARN] [JMLogger] Can't get entityTexture for betteranimalsplus:textures/entity_icon/goose_3.png
[22:26:21] [Render thread/WARN] [JMLogger] Can't get entityTexture for ars_nouveau:textures/entity_icon/sylph_summer.png
[22:26:21] [Render thread/WARN] [JMLogger] Can't get entityTexture for naturalist:textures/entity_icon/lion.png
[22:26:21] [Render thread/WARN] [JMLogger] Can't get entityTexture for naturalist:textures/entity_icon/hippo.png
[22:26:21] [Render thread/WARN] [JMLogger] Can't get entityTexture for naturalist:textures/entity_icon/elephant.png
[22:26:21] [Render thread/WARN] [JMLogger] Can't get entityTexture for naturalist:textures/entity_icon/zebra.png
[22:26:21] [Render thread/WARN] [JMLogger] Can't get entityTexture for naturalist:textures/entity_icon/giraffe.png
[22:26:27] [Render thread/WARN] [JMLogger] Can't get entityTexture for hexerei:textures/entity_icon/crow.png
[22:26:42] [Render thread/WARN] [JMLogger] Can't get entityTexture for betteranimalsplus:textures/entity_icon/piranha.png
[22:29:50] [Render thread/WARN] [JMLogger] Can't get entityTexture for betteranimalsplus:textures/entity_icon/butterfly_monarch.png
[22:30:48] [Render thread/WARN] [JMLogger] Can't get entityTexture for naturalist:textures/entity_icon/boar.png
[22:30:48] [Render thread/WARN] [JMLogger] Can't get entityTexture for naturalist:textures/entity_icon/rhino.png
[22:30:48] [Render thread/WARN] [JMLogger] Can't get entityTexture for ars_nouveau:textures/entity_icon/carbuncle_wild_orange.png
[22:30:48] [Render thread/WARN] [JMLogger] Can't get entityTexture for naturalist:textures/entity_icon/cardinal.png
[22:30:48] [Render thread/WARN] [JMLogger] Can't get entityTexture for naturalist:textures/entity_icon/snake/rattlesnake.png
[22:30:48] [Render thread/WARN] [JMLogger] Can't get entityTexture for betteranimalsplus:textures/entity_icon/piranha.png
[22:32:06] [Render thread/WARN] [JMLogger] Can't get entityTexture for betteranimalsplus:textures/entity_icon/goose_2.png
[22:32:06] [Render thread/WARN] [JMLogger] Can't get entityTexture for betteranimalsplus:textures/entity_icon/goose_3.png
[22:32:06] [Render thread/WARN] [JMLogger] Can't get entityTexture for ars_nouveau:textures/entity_icon/drygmy_brown.png
[22:32:06] [Render thread/WARN] [JMLogger] Can't get entityTexture for ars_nouveau:textures/entity_icon/sylph_summer.png
[22:32:06] [Render thread/WARN] [JMLogger] Can't get entityTexture for naturalist:textures/entity_icon/lion.png
[22:32:06] [Render thread/WARN] [JMLogger] Can't get entityTexture for naturalist:textures/entity_icon/hippo.png
[22:32:06] [Render thread/WARN] [JMLogger] Can't get entityTexture for naturalist:textures/entity_icon/elephant.png
[22:32:06] [Render thread/WARN] [JMLogger] Can't get entityTexture for naturalist:textures/entity_icon/zebra.png
[22:32:06] [Render thread/WARN] [JMLogger] Can't get entityTexture for naturalist:textures/entity_icon/giraffe.png
[22:32:06] [Render thread/WARN] [JMLogger] Can't get entityTexture for betteranimalsplus:textures/entity_icon/flying_fish_purple.png
[22:32:06] [Render thread/WARN] [JMLogger] Can't get entityTexture for betteranimalsplus:textures/entity_icon/butterfly_sulphur.png
[22:34:51] [Render thread/WARN] [JMLogger] Can't get entityTexture for hexerei:textures/entity_icon/crow.png
[22:35:33] [Render thread/WARN] [JMLogger] Can't get entityTexture for betteranimalsplus:textures/entity_icon/nautilus.png
[22:35:33] [Render thread/WARN] [JMLogger] Can't get entityTexture for betteranimalsplus:textures/entity_icon/jellyfish_barrel.png
[22:36:31] [Render thread/WARN] [JMLogger] Can't get entityTexture for naturalist:textures/entity_icon/cardinal.png
[22:36:31] [Render thread/WARN] [JMLogger] Can't get entityTexture for ars_nouveau:textures/entity_icon/carbuncle_wild_orange.png
[22:36:31] [Render thread/WARN] [JMLogger] Can't get entityTexture for naturalist:textures/entity_icon/snake/rattlesnake.png
[22:36:56] [Render thread/WARN] [JMLogger] Can't get entityTexture for betteranimalsplus:textures/entity_icon/goose_2.png
[22:36:56] [Render thread/WARN] [JMLogger] Can't get entityTexture for betteranimalsplus:textures/entity_icon/goose_3.png
[22:36:56] [Render thread/WARN] [JMLogger] Can't get entityTexture for naturalist:textures/entity_icon/rhino.png
[22:36:56] [Render thread/WARN] [JMLogger] Can't get entityTexture for hexerei:textures/entity_icon/crow.png
[22:36:56] [Render thread/WARN] [JMLogger] Can't get entityTexture for ars_nouveau:textures/entity_icon/drygmy_brown.png
[22:36:56] [Render thread/WARN] [JMLogger] Can't get entityTexture for naturalist:textures/entity_icon/boar.png
[22:36:56] [Render thread/WARN] [JMLogger] Can't get entityTexture for ars_nouveau:textures/entity_icon/sylph_summer.png
[22:36:56] [Render thread/WARN] [JMLogger] Can't get entityTexture for naturalist:textures/entity_icon/lion.png
[22:36:56] [Render thread/WARN] [JMLogger] Can't get entityTexture for naturalist:textures/entity_icon/hippo.png
[22:36:56] [Render thread/WARN] [JMLogger] Can't get entityTexture for naturalist:textures/entity_icon/elephant.png
[22:36:56] [Render thread/WARN] [JMLogger] Can't get entityTexture for naturalist:textures/entity_icon/zebra.png
[22:36:56] [Render thread/WARN] [JMLogger] Can't get entityTexture for naturalist:textures/entity_icon/giraffe.png
[22:37:38] [Render thread/WARN] [JMLogger] Can't get entityTexture for betteranimalsplus:textures/entity_icon/butterfly_swallowtail.png
[22:39:41] [Render thread/INFO] [JourneymapClient] Mapping halted in C:\Users\Kamil Kusiak\AppData\Roaming\Crystal-Launcher\instances\u.Amongas\.minecraft\journeymap\data\mp\offline\minecraft:overworld
